<?xml version="1.0" encoding="UTF-8"?>
<!-- Generated by org.testng.reporters.JUnitXMLReporter -->
<testsuite ignored="0" hostname="Naveens-MacBook-Air.local" failures="1" tests="2" name="Test" time="35.26" errors="0" timestamp="2025-06-14T13:07:46 IST">
  <testcase classname="com.tests.LoginTest" name="testLogin" time="5.472"/>
  <testcase classname="com.tests.LoginTest" name="testLogin" time="5.393">
    <failure type="java.lang.AssertionError" message="The following asserts failed:
	Login Failed">
      <![CDATA[java.lang.AssertionError: The following asserts failed:
Login Failed
at com.pages.HomePage.checkDashboardMenuVisibility(HomePage.java:55)
at com.tests.LoginTest.testLogin(LoginTest.java:41)
at java.base/java.util.ArrayList.forEach(ArrayList.java:1511)
... Removed 29 stack frames]]>
    </failure>
  </testcase> <!-- testLogin -->
</testsuite> <!-- Test -->
