<?xml version="1.0" encoding="UTF-8"?>
<testng-results ignored="0" total="2" passed="1" failed="1" skipped="0">
  <reporter-output>
  </reporter-output>
  <suite started-at="2025-06-20T00:35:45 IST" name="Suite" finished-at="2025-06-20T00:36:17 IST" duration-ms="31904">
    <groups>
      <group name="reg">
        <method signature="LoginTest.invalidTestInLogin(java.lang.String,java.lang.String)[pri:0, instance:com.tests.LoginTest@63a270c9]" name="invalidTestInLogin" class="com.tests.LoginTest"/>
      </group> <!-- reg -->
      <group name="smoke">
        <method signature="LoginTest.testLogin(java.lang.String,java.lang.String)[pri:0, instance:com.tests.LoginTest@63a270c9]" name="testLogin" class="com.tests.LoginTest"/>
      </group> <!-- smoke -->
    </groups>
    <test started-at="2025-06-20T00:35:45 IST" name="Test" finished-at="2025-06-20T00:36:17 IST" duration-ms="31904">
      <class name="com.tests.LoginTest">
        <test-method is-config="true" signature="setup(java.lang.reflect.Method,org.testng.ITestContext)[pri:0, instance:com.tests.LoginTest@63a270c9]" started-at="2025-06-20T00:35:45 IST" name="setup" finished-at="2025-06-20T00:35:53 IST" duration-ms="8096" status="PASS">
          <params>
            <param index="0">
              <value>
                <![CDATA[public void com.tests.LoginTest.invalidTestInLogin(java.lang.String,java.lang.String)]]>
              </value>
            </param>
            <param index="1">
              <value>
                <![CDATA[org.testng.TestRunner@3e0fbeb5]]>
              </value>
            </param>
          </params>
          <reporter-output>
          </reporter-output>
        </test-method> <!-- setup -->
        <test-method signature="invalidTestInLogin(java.lang.String,java.lang.String)[pri:0, instance:com.tests.LoginTest@63a270c9]" started-at="2025-06-20T00:35:53 IST" name="invalidTestInLogin" data-provider="invalidLoginData" finished-at="2025-06-20T00:35:59 IST" duration-ms="6676" status="FAIL">
          <params>
            <param index="0">
              <value>
                <![CDATA[Admin]]>
              </value>
            </param>
            <param index="1">
              <value>
                <![CDATA[admin1234]]>
              </value>
            </param>
          </params>
          <exception class="java.lang.AssertionError">
            <message>
              <![CDATA[The following asserts failed:
Login Failed]]>
            </message>
            <full-stacktrace>
              <![CDATA[java.lang.AssertionError: The following asserts failed:
Login Failed
at org.testng.asserts.SoftAssert.assertAll(SoftAssert.java:46)
at org.testng.asserts.SoftAssert.assertAll(SoftAssert.java:30)
at com.pages.HomePage.checkDashboardMenuVisibility(HomePage.java:61)
at com.tests.LoginTest.invalidTestInLogin(LoginTest.java:81)
at java.base/jdk.internal.reflect.NativeMethodAccessorImpl.invoke0(Native Method)
at java.base/jdk.internal.reflect.NativeMethodAccessorImpl.invoke(NativeMethodAccessorImpl.java:77)
at java.base/jdk.internal.reflect.DelegatingMethodAccessorImpl.invoke(DelegatingMethodAccessorImpl.java:43)
at java.base/java.lang.reflect.Method.invoke(Method.java:568)
at org.testng.internal.invokers.MethodInvocationHelper.invokeMethod(MethodInvocationHelper.java:139)
at org.testng.internal.invokers.InvokeMethodRunnable.runOne(InvokeMethodRunnable.java:47)
at org.testng.internal.invokers.InvokeMethodRunnable.call(InvokeMethodRunnable.java:76)
at org.testng.internal.invokers.InvokeMethodRunnable.call(InvokeMethodRunnable.java:11)
at java.base/java.util.concurrent.FutureTask.run(FutureTask.java:264)
at java.base/java.util.concurrent.ThreadPoolExecutor.runWorker(ThreadPoolExecutor.java:1136)
at java.base/java.util.concurrent.ThreadPoolExecutor$Worker.run(ThreadPoolExecutor.java:635)
at java.base/java.lang.Thread.run(Thread.java:842)
]]>
            </full-stacktrace>
          </exception> <!-- java.lang.AssertionError -->
          <reporter-output>
          </reporter-output>
        </test-method> <!-- invalidTestInLogin -->
        <test-method is-config="true" signature="tearDown(org.testng.ITestResult)[pri:0, instance:com.tests.LoginTest@63a270c9]" started-at="2025-06-20T00:35:59 IST" name="tearDown" finished-at="2025-06-20T00:36:02 IST" duration-ms="2125" status="PASS">
          <params>
            <param index="0">
              <value>
                <![CDATA[[TestResult name=invalidTestInLogin status=FAILURE method=LoginTest.invalidTestInLogin(java.lang.String,java.lang.String)[pri:0, instance:com.tests.LoginTest@63a270c9] output={null}]]]>
              </value>
            </param>
          </params>
          <reporter-output>
          </reporter-output>
        </test-method> <!-- tearDown -->
        <test-method is-config="true" signature="setup(java.lang.reflect.Method,org.testng.ITestContext)[pri:0, instance:com.tests.LoginTest@63a270c9]" started-at="2025-06-20T00:36:02 IST" name="setup" finished-at="2025-06-20T00:36:06 IST" duration-ms="4650" status="PASS">
          <params>
            <param index="0">
              <value>
                <![CDATA[public void com.tests.LoginTest.testLogin(java.lang.String,java.lang.String)]]>
              </value>
            </param>
            <param index="1">
              <value>
                <![CDATA[org.testng.TestRunner@3e0fbeb5]]>
              </value>
            </param>
          </params>
          <reporter-output>
          </reporter-output>
        </test-method> <!-- setup -->
        <test-method signature="testLogin(java.lang.String,java.lang.String)[pri:0, instance:com.tests.LoginTest@63a270c9]" started-at="2025-06-20T00:36:06 IST" name="testLogin" data-provider="loginData" finished-at="2025-06-20T00:36:14 IST" duration-ms="8221" status="PASS">
          <params>
            <param index="0">
              <value>
                <![CDATA[Admin]]>
              </value>
            </param>
            <param index="1">
              <value>
                <![CDATA[admin123]]>
              </value>
            </param>
          </params>
          <reporter-output>
          </reporter-output>
        </test-method> <!-- testLogin -->
        <test-method is-config="true" signature="tearDown(org.testng.ITestResult)[pri:0, instance:com.tests.LoginTest@63a270c9]" started-at="2025-06-20T00:36:14 IST" name="tearDown" finished-at="2025-06-20T00:36:17 IST" duration-ms="2104" status="PASS">
          <params>
            <param index="0">
              <value>
                <![CDATA[[TestResult name=testLogin status=SUCCESS method=LoginTest.testLogin(java.lang.String,java.lang.String)[pri:0, instance:com.tests.LoginTest@63a270c9] output={null}]]]>
              </value>
            </param>
          </params>
          <reporter-output>
          </reporter-output>
        </test-method> <!-- tearDown -->
      </class> <!-- com.tests.LoginTest -->
    </test> <!-- Test -->
  </suite> <!-- Suite -->
</testng-results>
